DaumTTS/app/build/outputs/logs/manifest-merger-debug-report.txt
-- Merging decision tree log ---
manifest
ADDED from DaumTTS\app\AndroidManifest.xml:2:1-39:12
	package
		ADDED from DaumTTS\app\AndroidManifest.xml:3:11-54
	android:versionName
		ADDED from DaumTTS\app\AndroidManifest.xml:5:11-38
	android:versionCode
		ADDED from DaumTTS\app\AndroidManifest.xml:4:11-34
		INJECTED from DaumTTS\app\AndroidManifest.xml
		INJECTED from DaumTTS\app\AndroidManifest.xml
	xmlns:android
		ADDED from DaumTTS\app\AndroidManifest.xml:2:11-69
uses-sdk
ADDED from DaumTTS\app\AndroidManifest.xml:6:5-73
MERGED from [DaumTTS:daum-speech-openapi-3.0:unspecified] AndroidManifest.xml:7:5-9:41
	android:targetSdkVersion
		ADDED from DaumTTS\app\AndroidManifest.xml:6:41-70
	android:minSdkVersion
		ADDED from DaumTTS\app\AndroidManifest.xml:6:15-40
uses-permission#android.permission.INTERNET
ADDED from DaumTTS\app\AndroidManifest.xml:9:5-67
	android:name
		ADDED from DaumTTS\app\AndroidManifest.xml:9:22-64
uses-permission#android.permission.RECORD_AUDIO
ADDED from DaumTTS\app\AndroidManifest.xml:10:5-71
	android:name
		ADDED from DaumTTS\app\AndroidManifest.xml:10:22-68
uses-permission#android.permission.ACCESS_NETWORK_STATE
ADDED from DaumTTS\app\AndroidManifest.xml:11:5-79
	android:name
		ADDED from DaumTTS\app\AndroidManifest.xml:11:22-76
uses-permission#android.permission.WRITE_EXTERNAL_STORAGE
ADDED from DaumTTS\app\AndroidManifest.xml:12:5-81
	android:name
		ADDED from DaumTTS\app\AndroidManifest.xml:12:22-78
application
ADDED from DaumTTS\app\AndroidManifest.xml:14:5-35:19
	android:label
		ADDED from DaumTTS\app\AndroidManifest.xml:14:18-50
	android:allowBackup
		ADDED from DaumTTS\app\AndroidManifest.xml:14:85-112
	android:icon
		ADDED from DaumTTS\app\AndroidManifest.xml:14:51-84
service#net.daum.speech.api.openapisample.TextSpeechService
ADDED from DaumTTS\app\AndroidManifest.xml:16:9-20:19
	android:name
		ADDED from DaumTTS\app\AndroidManifest.xml:16:18-84
intent-filter#net.daum.speech.api.openapisample.ITtsService
ADDED from DaumTTS\app\AndroidManifest.xml:17:13-19:29
action#net.daum.speech.api.openapisample.ITtsService
ADDED from DaumTTS\app\AndroidManifest.xml:18:17-88
	android:name
		ADDED from DaumTTS\app\AndroidManifest.xml:18:25-85
activity#net.daum.speech.api.openapisample.SpeechSampleActivity
ADDED from DaumTTS\app\AndroidManifest.xml:22:9-28:20
	android:label
		ADDED from DaumTTS\app\AndroidManifest.xml:23:19-53
	android:name
		ADDED from DaumTTS\app\AndroidManifest.xml:22:19-55
intent-filter#android.intent.action.MAIN+android.intent.category.LAUNCHER
ADDED from DaumTTS\app\AndroidManifest.xml:24:13-27:29
action#android.intent.action.MAIN
ADDED from DaumTTS\app\AndroidManifest.xml:25:17-68
	android:name
		ADDED from DaumTTS\app\AndroidManifest.xml:25:25-66
category#android.intent.category.LAUNCHER
ADDED from DaumTTS\app\AndroidManifest.xml:26:17-76
	android:name
		ADDED from DaumTTS\app\AndroidManifest.xml:26:27-74
activity#net.daum.speech.api.openapisample.VoiceRecoActivity
ADDED from DaumTTS\app\AndroidManifest.xml:29:5-31:75
	android:screenOrientation
		ADDED from DaumTTS\app\AndroidManifest.xml:30:15-51
	android:theme
		ADDED from DaumTTS\app\AndroidManifest.xml:31:15-73
	android:name
		ADDED from DaumTTS\app\AndroidManifest.xml:29:15-81
activity#net.daum.speech.api.openapisample.TextToSpeechActivity
ADDED from DaumTTS\app\AndroidManifest.xml:32:5-34:75
	android:screenOrientation
		ADDED from DaumTTS\app\AndroidManifest.xml:33:15-51
	android:theme
		ADDED from DaumTTS\app\AndroidManifest.xml:34:15-73
	android:name
		ADDED from DaumTTS\app\AndroidManifest.xml:32:15-84